<?xml version="1.0" encoding="UTF-8"?>
<!-- Generated by org.testng.reporters.JUnitXMLReporter -->
<testsuite ignored="4" hostname="QSP" failures="0" tests="2" name="Test" time="104.014" errors="0" timestamp="05 Jun 2021 12:14:27 GMT">
  <testcase classname="com.Skillrary.Testscripts.TakeCourse" name="takeingCourse" time="31.877"/>
  <testcase classname="com.Skillrary.Testscripts.AddCourse" name="addingcourse" time="30.053"/>
  <testcase classname="com.Skillrary.genericlib.Baseclass" name="@AfterSuite configAS" time="0.0">
    <ignored/>
  </testcase> <!-- @AfterSuite configAS -->
  <testcase classname="com.Skillrary.genericlib.Baseclass" name="@AfterSuite configAS" time="0.0">
    <ignored/>
  </testcase> <!-- @AfterSuite configAS -->
  <testcase classname="com.Skillrary.genericlib.Baseclass" name="@BeforeSuite configBS" time="0.0">
    <ignored/>
  </testcase> <!-- @BeforeSuite configBS -->
  <testcase classname="com.Skillrary.genericlib.Baseclass" name="@BeforeSuite configBS" time="0.0">
    <ignored/>
  </testcase> <!-- @BeforeSuite configBS -->
</testsuite> <!-- Test -->
